<?xml version="1.0" encoding="UTF-8"?>
<!-- Generated by org.testng.reporters.JUnitReportReporter -->
<testsuite hostname="DESKTOP-RG8TKHE" failures="0" tests="2" name="tests.AddToCartTest" time="8.614" errors="0" timestamp="2025-07-04T09:47:44 WIB" skipped="0">
  <testcase classname="tests.AddToCartTest" name="addToCart_PositiveTest" time="4.711"/>
  <testcase classname="tests.AddToCartTest" name="addToCart_WithoutLogin_NegativeTest" time="3.903"/>
</testsuite> <!-- tests.AddToCartTest -->
