<?xml version="1.0" encoding="UTF-8"?>
<!-- Generated by org.testng.reporters.JUnitReportReporter -->
<testsuite hostname="DESKTOP-RG8TKHE" failures="0" tests="1" name="tests.LogoutTest" time="6.926" errors="0" timestamp="2025-07-04T11:38:02 WIB" skipped="0">
  <testcase classname="tests.LogoutTest" name="logout_PositiveTest" time="6.926"/>
</testsuite> <!-- tests.LogoutTest -->
