<?xml version="1.0" encoding="UTF-8"?>
<!-- Generated by org.testng.reporters.JUnitReportReporter -->
<testsuite hostname="DESKTOP-RG8TKHE" failures="0" tests="8" name="tests.LoginPageTest" time="100.987" errors="0" timestamp="2025-07-04T12:50:14 WIB" skipped="0">
  <testcase classname="tests.LoginPageTest" name="verifyURL" time="11.558"/>
  <testcase classname="tests.LoginPageTest" name="verifyLoginFunctionality" time="12.688"/>
  <testcase classname="tests.LoginPageTest" name="verifyPageTitle" time="9.778"/>
  <testcase classname="tests.LoginPageTest" name="verifyLogo" time="13.151"/>
  <testcase classname="tests.LoginPageTest" name="verifyLoginFunctionality" time="8.351"/>
  <testcase classname="tests.LoginPageTest" name="verifyLoginFunctionality" time="11.164"/>
  <testcase classname="tests.LoginPageTest" name="verifyLoginFunctionality" time="22.012"/>
  <testcase classname="tests.LoginPageTest" name="verifyLoginFunctionality" time="12.285"/>
</testsuite> <!-- tests.LoginPageTest -->
